<?xml version="1.0" encoding="UTF-8"?>
<!-- Generated by org.testng.reporters.JUnitReportReporter -->
<testsuite hostname="HARI" failures="0" tests="5" name="runner.testNGRunner" time="43.249" errors="0" timestamp="2024-04-20T17:26:48 IST" skipped="0">
  <testcase classname="runner.testNGRunner" name="runScenario" time="6.622"/>
  <system-out/>
  <testcase classname="runner.testNGRunner" name="runScenario" time="8.598"/>
  <system-out/>
  <testcase classname="runner.testNGRunner" name="runScenario" time="8.658"/>
  <system-out/>
  <testcase classname="runner.testNGRunner" name="runScenario" time="12.683"/>
  <system-out/>
  <testcase classname="runner.testNGRunner" name="runScenario" time="6.688"/>
  <system-out/>
</testsuite> <!-- runner.testNGRunner -->
