<?xml version="1.0" encoding="UTF-8"?>
<!-- Generated by org.testng.reporters.JUnitReportReporter -->
<testsuite hostname="HARI" failures="0" tests="1" name="runner.testNGRunner" time="3.556" errors="0" timestamp="2024-05-09T22:20:02 IST" skipped="0">
  <testcase classname="runner.testNGRunner" name="runScenario" time="3.556"/>
</testsuite> <!-- runner.testNGRunner -->
