<?xml version="1.0" encoding="UTF-8"?>
<!-- Generated by org.testng.reporters.JUnitReportReporter -->
<testsuite hostname="HARI" failures="0" tests="3" name="runner.testNGRunner" time="4.903" errors="0" timestamp="2024-05-30T12:22:56 IST" skipped="0">
  <testcase classname="runner.testNGRunner" name="runScenario" time="3.363"/>
  <testcase classname="runner.testNGRunner" name="runScenario" time="0.816"/>
  <testcase classname="runner.testNGRunner" name="runScenario" time="0.724"/>
</testsuite> <!-- runner.testNGRunner -->
